android-native/app/build/intermediates/manifest_merge_blame_file/debug/manifest-merger-blame-debug-report.txt
1<?xml version="1.0" encoding="utf-8"?>
2<manifest xmlns:android="http://schemas.android.com/apk/res/android"
3    package="com.marcgodinez.roulette"
4    android:versionCode="1"
5    android:versionName="1.0" >
6
7    <uses-sdk
8        android:minSdkVersion="24"
9        android:targetSdkVersion="34" />
10
11    <uses-permission android:name="android.permission.INTERNET" />
11-->src\main\AndroidManifest.xml:5:5-67
11-->src\main\AndroidManifest.xml:5:22-64
12    <uses-permission android:name="android.permission.VIBRATE" />
12-->src\main\AndroidManifest.xml:6:5-66
12-->src\main\AndroidManifest.xml:6:22-63
13    <uses-permission android:name="com.android.vending.BILLING" />
13-->[com.android.billingclient:billing:7.0.0] AndroidManifest.xml:10:5-67
13-->[com.android.billingclient:billing:7.0.0] AndroidManifest.xml:10:22-64
14
15    <queries>
15-->[com.android.billingclient:billing:7.0.0] AndroidManifest.xml:12:5-16:15
16        <intent>
16-->[com.android.billingclient:billing:7.0.0] AndroidManifest.xml:13:9-15:18
17            <action android:name="com.android.vending.billing.InAppBillingService.BIND" />
17-->[com.android.billingclient:billing:7.0.0] AndroidManifest.xml:14:13-91
17-->[com.android.billingclient:billing:7.0.0] AndroidManifest.xml:14:21-88
18        </intent>
19        <!-- For browser content -->
20        <intent>
20-->[com.google.android.gms:play-services-ads-lite:23.0.0] AndroidManifest.xml:38:9-44:18
21            <action android:name="android.intent.action.VIEW" />
21-->[com.google.android.gms:play-services-ads-lite:23.0.0] AndroidManifest.xml:39:13-65
21-->[com.google.android.gms:play-services-ads-lite:23.0.0] AndroidManifest.xml:39:21-62
22
23            <category android:name="android.intent.category.BROWSABLE" />
23-->[com.google.android.gms:play-services-ads-lite:23.0.0] AndroidManifest.xml:41:13-74
23-->[com.google.android.gms:play-services-ads-lite:23.0.0] AndroidManifest.xml:41:23-71
24
25            <data android:scheme="https" />
25-->[com.google.android.gms:play-services-ads-lite:23.0.0] AndroidManifest.xml:43:13-44
25-->[com.google.android.gms:play-services-ads-lite:23.0.0] AndroidManifest.xml:43:19-41
26        </intent> <!-- End of browser content -->
27        <!-- For CustomTabsService -->
28        <intent>
28-->[com.google.android.gms:play-services-ads-lite:23.0.0] AndroidManifest.xml:47:9-49:18
29            <action android:name="android.support.customtabs.action.CustomTabsService" />
29-->[com.google.android.gms:play-services-ads-lite:23.0.0] AndroidManifest.xml:48:13-90
29-->[com.google.android.gms:play-services-ads-lite:23.0.0] AndroidManifest.xml:48:21-87
30        </intent>
31    </queries>
32
33    <uses-permission android:name="android.permission.ACCESS_NETWORK_STATE" />
33-->[com.google.android.gms:play-services-ads-lite:23.0.0] AndroidManifest.xml:25:5-79
33-->[com.google.android.gms:play-services-ads-lite:23.0.0] AndroidManifest.xml:25:22-76
34    <uses-permission android:name="com.google.android.gms.permission.AD_ID" />
34-->[com.google.android.gms:play-services-ads-lite:23.0.0] AndroidManifest.xml:26:5-79
34-->[com.google.android.gms:play-services-ads-lite:23.0.0] AndroidManifest.xml:26:22-76
35    <uses-permission android:name="android.permission.ACCESS_ADSERVICES_AD_ID" />
35-->[com.google.android.gms:play-services-ads-lite:23.0.0] AndroidManifest.xml:27:5-82
35-->[com.google.android.gms:play-services-ads-lite:23.0.0] AndroidManifest.xml:27:22-79
36    <uses-permission android:name="android.permission.ACCESS_ADSERVICES_ATTRIBUTION" />
36-->[com.google.android.gms:play-services-ads-lite:23.0.0] AndroidManifest.xml:28:5-88
36-->[com.google.android.gms:play-services-ads-lite:23.0.0] AndroidManifest.xml:28:22-85
37    <uses-permission android:name="android.permission.ACCESS_ADSERVICES_TOPICS" />
37-->[com.google.android.gms:play-services-ads-lite:23.0.0] AndroidManifest.xml:29:5-83
37-->[com.google.android.gms:play-services-ads-lite:23.0.0] AndroidManifest.xml:29:22-80
38    <uses-permission android:name="android.permission.WAKE_LOCK" />
38-->[androidx.work:work-runtime:2.7.0] AndroidManifest.xml:25:5-68
38-->[androidx.work:work-runtime:2.7.0] AndroidManifest.xml:25:22-65
39    <uses-permission android:name="android.permission.FOREGROUND_SERVICE" />
39-->[androidx.work:work-runtime:2.7.0] AndroidManifest.xml:28:5-77
39-->[androidx.work:work-runtime:2.7.0] AndroidManifest.xml:28:22-74
40
41    <permission
41-->[androidx.core:core:1.13.0] AndroidManifest.xml:22:5-24:47
42        android:name="com.marcgodinez.roulette.DYNAMIC_RECEIVER_NOT_EXPORTED_PERMISSION"
42-->[androidx.core:core:1.13.0] AndroidManifest.xml:23:9-81
43        android:protectionLevel="signature" />
43-->[androidx.core:core:1.13.0] AndroidManifest.xml:24:9-44
44
45    <uses-permission android:name="com.marcgodinez.roulette.DYNAMIC_RECEIVER_NOT_EXPORTED_PERMISSION" />
45-->[androidx.core:core:1.13.0] AndroidManifest.xml:26:5-97
45-->[androidx.core:core:1.13.0] AndroidManifest.xml:26:22-94
46
47    <application
47-->src\main\AndroidManifest.xml:8:5-27:19
48        android:allowBackup="true"
48-->src\main\AndroidManifest.xml:9:9-35
49        android:appComponentFactory="androidx.core.app.CoreComponentFactory"
49-->[androidx.core:core:1.13.0] AndroidManifest.xml:28:18-86
50        android:debuggable="true"
51        android:extractNativeLibs="false"
52        android:icon="@android:drawable/sym_def_app_icon"
52-->src\main\AndroidManifest.xml:10:9-58
53        android:label="Roulette Native"
53-->src\main\AndroidManifest.xml:11:9-40
54        android:roundIcon="@android:drawable/sym_def_app_icon"
54-->src\main\AndroidManifest.xml:12:9-63
55        android:supportsRtl="true"
55-->src\main\AndroidManifest.xml:13:9-35
56        android:theme="@android:style/Theme.Material.Light.NoActionBar" >
56-->src\main\AndroidManifest.xml:14:9-72
57        <activity
57-->src\main\AndroidManifest.xml:15:9-23:20
58            android:name="com.marcgodinez.roulette.MainActivity"
58-->src\main\AndroidManifest.xml:16:13-41
59            android:exported="true"
59-->src\main\AndroidManifest.xml:17:13-36
60            android:theme="@android:style/Theme.Material.Light.NoActionBar" >
60-->src\main\AndroidManifest.xml:18:13-76
61            <intent-filter>
61-->src\main\AndroidManifest.xml:19:13-22:29
62                <action android:name="android.intent.action.MAIN" />
62-->src\main\AndroidManifest.xml:20:17-69
62-->src\main\AndroidManifest.xml:20:25-66
63
64                <category android:name="android.intent.category.LAUNCHER" />
64-->src\main\AndroidManifest.xml:21:17-77
64-->src\main\AndroidManifest.xml:21:27-74
65            </intent-filter>
66        </activity>
67
68        <meta-data
68-->src\main\AndroidManifest.xml:24:9-26:69
69            android:name="com.google.android.gms.ads.APPLICATION_ID"
69-->src\main\AndroidManifest.xml:25:13-69
70            android:value="ca-app-pub-1182495378626576~2073968648" />
70-->src\main\AndroidManifest.xml:26:13-67
71
72        <provider
72-->[io.github.jan-tennert.supabase:compose-auth-android-debug:2.5.0] AndroidManifest.xml:9:9-17:20
73            android:name="androidx.startup.InitializationProvider"
73-->[io.github.jan-tennert.supabase:compose-auth-android-debug:2.5.0] AndroidManifest.xml:10:13-67
74            android:authorities="com.marcgodinez.roulette.androidx-startup"
74-->[io.github.jan-tennert.supabase:compose-auth-android-debug:2.5.0] AndroidManifest.xml:11:13-68
75            android:exported="false" >
75-->[io.github.jan-tennert.supabase:compose-auth-android-debug:2.5.0] AndroidManifest.xml:12:13-37
76            <meta-data
76-->[io.github.jan-tennert.supabase:compose-auth-android-debug:2.5.0] AndroidManifest.xml:14:13-16:52
77                android:name="io.github.jan.supabase.compose.auth.SupabaseInitializer"
77-->[io.github.jan-tennert.supabase:compose-auth-android-debug:2.5.0] AndroidManifest.xml:15:17-87
78                android:value="androidx.startup" />
78-->[io.github.jan-tennert.supabase:compose-auth-android-debug:2.5.0] AndroidManifest.xml:16:17-49
79            <meta-data
79-->[io.github.jan-tennert.supabase:gotrue-kt-android-debug:2.5.0] AndroidManifest.xml:14:13-16:52
80                android:name="io.github.jan.supabase.gotrue.SupabaseInitializer"
80-->[io.github.jan-tennert.supabase:gotrue-kt-android-debug:2.5.0] AndroidManifest.xml:15:17-81
81                android:value="androidx.startup" />
81-->[io.github.jan-tennert.supabase:gotrue-kt-android-debug:2.5.0] AndroidManifest.xml:16:17-49
82            <meta-data
82-->[androidx.emoji2:emoji2:1.4.0] AndroidManifest.xml:29:13-31:52
83                android:name="androidx.emoji2.text.EmojiCompatInitializer"
83-->[androidx.emoji2:emoji2:1.4.0] AndroidManifest.xml:30:17-75
84                android:value="androidx.startup" />
84-->[androidx.emoji2:emoji2:1.4.0] AndroidManifest.xml:31:17-49
85            <meta-data
85-->[androidx.work:work-runtime:2.7.0] AndroidManifest.xml:36:13-38:52
86                android:name="androidx.work.WorkManagerInitializer"
86-->[androidx.work:work-runtime:2.7.0] AndroidManifest.xml:37:17-68
87                android:value="androidx.startup" />
87-->[androidx.work:work-runtime:2.7.0] AndroidManifest.xml:38:17-49
88            <meta-data
88-->[androidx.lifecycle:lifecycle-process:2.8.1] AndroidManifest.xml:29:13-31:52
89                android:name="androidx.lifecycle.ProcessLifecycleInitializer"
89-->[androidx.lifecycle:lifecycle-process:2.8.1] AndroidManifest.xml:30:17-78
90                android:value="androidx.startup" />
90-->[androidx.lifecycle:lifecycle-process:2.8.1] AndroidManifest.xml:31:17-49
91            <meta-data
91-->[com.russhwolf:multiplatform-settings-no-arg-android-debug:1.1.1] AndroidManifest.xml:29:13-31:52
92                android:name="com.russhwolf.settings.SettingsInitializer"
92-->[com.russhwolf:multiplatform-settings-no-arg-android-debug:1.1.1] AndroidManifest.xml:30:17-74
93                android:value="androidx.startup" />
93-->[com.russhwolf:multiplatform-settings-no-arg-android-debug:1.1.1] AndroidManifest.xml:31:17-49
94            <meta-data
94-->[androidx.profileinstaller:profileinstaller:1.3.1] AndroidManifest.xml:29:13-31:52
95                android:name="androidx.profileinstaller.ProfileInstallerInitializer"
95-->[androidx.profileinstaller:profileinstaller:1.3.1] AndroidManifest.xml:30:17-85
96                android:value="androidx.startup" />
96-->[androidx.profileinstaller:profileinstaller:1.3.1] AndroidManifest.xml:31:17-49
97        </provider>
98
99        <service
99-->[androidx.credentials:credentials-play-services-auth:1.2.2] AndroidManifest.xml:24:9-32:19
100            android:name="androidx.credentials.playservices.CredentialProviderMetadataHolder"
100-->[androidx.credentials:credentials-play-services-auth:1.2.2] AndroidManifest.xml:25:13-94
101            android:enabled="true"
101-->[androidx.credentials:credentials-play-services-auth:1.2.2] AndroidManifest.xml:26:13-35
102            android:exported="false" >
102-->[androidx.credentials:credentials-play-services-auth:1.2.2] AndroidManifest.xml:27:13-37
103            <meta-data
103-->[androidx.credentials:credentials-play-services-auth:1.2.2] AndroidManifest.xml:29:13-31:104
104                android:name="androidx.credentials.CREDENTIAL_PROVIDER_KEY"
104-->[androidx.credentials:credentials-play-services-auth:1.2.2] AndroidManifest.xml:30:17-76
105                android:value="androidx.credentials.playservices.CredentialProviderPlayServicesImpl" />
105-->[androidx.credentials:credentials-play-services-auth:1.2.2] AndroidManifest.xml:31:17-101
106        </service>
107
108        <activity
108-->[androidx.credentials:credentials-play-services-auth:1.2.2] AndroidManifest.xml:34:9-41:20
109            android:name="androidx.credentials.playservices.HiddenActivity"
109-->[androidx.credentials:credentials-play-services-auth:1.2.2] AndroidManifest.xml:35:13-76
110            android:configChanges="orientation|screenSize|screenLayout|keyboardHidden"
110-->[androidx.credentials:credentials-play-services-auth:1.2.2] AndroidManifest.xml:36:13-87
111            android:enabled="true"
111-->[androidx.credentials:credentials-play-services-auth:1.2.2] AndroidManifest.xml:37:13-35
112            android:exported="false"
112-->[androidx.credentials:credentials-play-services-auth:1.2.2] AndroidManifest.xml:38:13-37
113            android:fitsSystemWindows="true"
113-->[androidx.credentials:credentials-play-services-auth:1.2.2] AndroidManifest.xml:39:13-45
114            android:theme="@style/Theme.Hidden" >
114-->[androidx.credentials:credentials-play-services-auth:1.2.2] AndroidManifest.xml:40:13-48
115        </activity>
116        <activity
116-->[com.revenuecat.purchases:purchases:8.0.0] AndroidManifest.xml:10:9-13:75
117            android:name="com.revenuecat.purchases.amazon.purchasing.ProxyAmazonBillingActivity"
117-->[com.revenuecat.purchases:purchases:8.0.0] AndroidManifest.xml:11:13-97
118            android:configChanges="keyboard|keyboardHidden|screenLayout|screenSize|orientation"
118-->[com.revenuecat.purchases:purchases:8.0.0] AndroidManifest.xml:12:13-96
119            android:theme="@android:style/Theme.Translucent.NoTitleBar" />
119-->[com.revenuecat.purchases:purchases:8.0.0] AndroidManifest.xml:13:13-72
120
121        <uses-library
121-->[androidx.privacysandbox.ads:ads-adservices:1.0.0-beta05] AndroidManifest.xml:23:9-25:40
122            android:name="android.ext.adservices"
122-->[androidx.privacysandbox.ads:ads-adservices:1.0.0-beta05] AndroidManifest.xml:24:13-50
123            android:required="false" />
123-->[androidx.privacysandbox.ads:ads-adservices:1.0.0-beta05] AndroidManifest.xml:25:13-37
124
125        <meta-data
125-->[com.android.billingclient:billing:7.0.0] AndroidManifest.xml:19:9-21:37
126            android:name="com.google.android.play.billingclient.version"
126-->[com.android.billingclient:billing:7.0.0] AndroidManifest.xml:20:13-73
127            android:value="7.0.0" />
127-->[com.android.billingclient:billing:7.0.0] AndroidManifest.xml:21:13-34
128
129        <activity
129-->[com.android.billingclient:billing:7.0.0] AndroidManifest.xml:23:9-27:75
130            android:name="com.android.billingclient.api.ProxyBillingActivity"
130-->[com.android.billingclient:billing:7.0.0] AndroidManifest.xml:24:13-78
131            android:configChanges="keyboard|keyboardHidden|screenLayout|screenSize|orientation"
131-->[com.android.billingclient:billing:7.0.0] AndroidManifest.xml:25:13-96
132            android:exported="false"
132-->[com.android.billingclient:billing:7.0.0] AndroidManifest.xml:26:13-37
133            android:theme="@android:style/Theme.Translucent.NoTitleBar" />
133-->[com.android.billingclient:billing:7.0.0] AndroidManifest.xml:27:13-72
134        <activity
134-->[com.android.billingclient:billing:7.0.0] AndroidManifest.xml:28:9-32:75
135            android:name="com.android.billingclient.api.ProxyBillingActivityV2"
135-->[com.android.billingclient:billing:7.0.0] AndroidManifest.xml:29:13-80
136            android:configChanges="keyboard|keyboardHidden|screenLayout|screenSize|orientation"
136-->[com.android.billingclient:billing:7.0.0] AndroidManifest.xml:30:13-96
137            android:exported="false"
137-->[com.android.billingclient:billing:7.0.0] AndroidManifest.xml:31:13-37
138            android:theme="@android:style/Theme.Translucent.NoTitleBar" /> <!-- Include the AdActivity and InAppPurchaseActivity configChanges and themes. -->
138-->[com.android.billingclient:billing:7.0.0] AndroidManifest.xml:32:13-72
139        <activity
139-->[com.google.android.gms:play-services-ads-lite:23.0.0] AndroidManifest.xml:56:9-61:43
140            android:name="com.google.android.gms.ads.AdActivity"
140-->[com.google.android.gms:play-services-ads-lite:23.0.0] AndroidManifest.xml:57:13-65
141            android:configChanges="keyboard|keyboardHidden|orientation|screenLayout|uiMode|screenSize|smallestScreenSize"
141-->[com.google.android.gms:play-services-ads-lite:23.0.0] AndroidManifest.xml:58:13-122
142            android:exported="false"
142-->[com.google.android.gms:play-services-ads-lite:23.0.0] AndroidManifest.xml:59:13-37
143            android:theme="@android:style/Theme.Translucent" />
143-->[com.google.android.gms:play-services-ads-lite:23.0.0] AndroidManifest.xml:60:13-61
144
145        <provider
145-->[com.google.android.gms:play-services-ads-lite:23.0.0] AndroidManifest.xml:63:9-68:43
146            android:name="com.google.android.gms.ads.MobileAdsInitProvider"
146-->[com.google.android.gms:play-services-ads-lite:23.0.0] AndroidManifest.xml:64:13-76
147            android:authorities="com.marcgodinez.roulette.mobileadsinitprovider"
147-->[com.google.android.gms:play-services-ads-lite:23.0.0] AndroidManifest.xml:65:13-73
148            android:exported="false"
148-->[com.google.android.gms:play-services-ads-lite:23.0.0] AndroidManifest.xml:66:13-37
149            android:initOrder="100" />
149-->[com.google.android.gms:play-services-ads-lite:23.0.0] AndroidManifest.xml:67:13-36
150
151        <service
151-->[com.google.android.gms:play-services-ads-lite:23.0.0] AndroidManifest.xml:70:9-74:43
152            android:name="com.google.android.gms.ads.AdService"
152-->[com.google.android.gms:play-services-ads-lite:23.0.0] AndroidManifest.xml:71:13-64
153            android:enabled="true"
153-->[com.google.android.gms:play-services-ads-lite:23.0.0] AndroidManifest.xml:72:13-35
154            android:exported="false" />
154-->[com.google.android.gms:play-services-ads-lite:23.0.0] AndroidManifest.xml:73:13-37
155
156        <activity
156-->[com.google.android.gms:play-services-ads-lite:23.0.0] AndroidManifest.xml:76:9-80:43
157            android:name="com.google.android.gms.ads.OutOfContextTestingActivity"
157-->[com.google.android.gms:play-services-ads-lite:23.0.0] AndroidManifest.xml:77:13-82
158            android:configChanges="keyboard|keyboardHidden|orientation|screenLayout|uiMode|screenSize|smallestScreenSize"
158-->[com.google.android.gms:play-services-ads-lite:23.0.0] AndroidManifest.xml:78:13-122
159            android:exported="false" />
159-->[com.google.android.gms:play-services-ads-lite:23.0.0] AndroidManifest.xml:79:13-37
160        <activity
160-->[com.google.android.gms:play-services-ads-lite:23.0.0] AndroidManifest.xml:81:9-88:43
161            android:name="com.google.android.gms.ads.NotificationHandlerActivity"
161-->[com.google.android.gms:play-services-ads-lite:23.0.0] AndroidManifest.xml:82:13-82
162            android:excludeFromRecents="true"
162-->[com.google.android.gms:play-services-ads-lite:23.0.0] AndroidManifest.xml:83:13-46
163            android:exported="false"
163-->[com.google.android.gms:play-services-ads-lite:23.0.0] AndroidManifest.xml:84:13-37
164            android:launchMode="singleTask"
164-->[com.google.android.gms:play-services-ads-lite:23.0.0] AndroidManifest.xml:85:13-44
165            android:taskAffinity=""
165-->[com.google.android.gms:play-services-ads-lite:23.0.0] AndroidManifest.xml:86:13-36
166            android:theme="@android:style/Theme.Translucent.NoTitleBar" />
166-->[com.google.android.gms:play-services-ads-lite:23.0.0] AndroidManifest.xml:87:13-72
167
168        <property
168-->[com.google.android.gms:play-services-ads-lite:23.0.0] AndroidManifest.xml:90:9-92:62
169            android:name="android.adservices.AD_SERVICES_CONFIG"
169-->[com.google.android.gms:play-services-ads-lite:23.0.0] AndroidManifest.xml:91:13-65
170            android:resource="@xml/gma_ad_services_config" />
170-->[com.google.android.gms:play-services-ads-lite:23.0.0] AndroidManifest.xml:92:13-59
171
172        <service
172-->[androidx.work:work-runtime:2.7.0] AndroidManifest.xml:41:9-46:35
173            android:name="androidx.work.impl.background.systemalarm.SystemAlarmService"
173-->[androidx.work:work-runtime:2.7.0] AndroidManifest.xml:42:13-88
174            android:directBootAware="false"
174-->[androidx.work:work-runtime:2.7.0] AndroidManifest.xml:43:13-44
175            android:enabled="@bool/enable_system_alarm_service_default"
175-->[androidx.work:work-runtime:2.7.0] AndroidManifest.xml:44:13-72
176            android:exported="false" />
176-->[androidx.work:work-runtime:2.7.0] AndroidManifest.xml:45:13-37
177        <service
177-->[androidx.work:work-runtime:2.7.0] AndroidManifest.xml:47:9-53:35
178            android:name="androidx.work.impl.background.systemjob.SystemJobService"
178-->[androidx.work:work-runtime:2.7.0] AndroidManifest.xml:48:13-84
179            android:directBootAware="false"
179-->[androidx.work:work-runtime:2.7.0] AndroidManifest.xml:49:13-44
180            android:enabled="@bool/enable_system_job_service_default"
180-->[androidx.work:work-runtime:2.7.0] AndroidManifest.xml:50:13-70
181            android:exported="true"
181-->[androidx.work:work-runtime:2.7.0] AndroidManifest.xml:51:13-36
182            android:permission="android.permission.BIND_JOB_SERVICE" />
182-->[androidx.work:work-runtime:2.7.0] AndroidManifest.xml:52:13-69
183        <service
183-->[androidx.work:work-runtime:2.7.0] AndroidManifest.xml:54:9-59:35
184            android:name="androidx.work.impl.foreground.SystemForegroundService"
184-->[androidx.work:work-runtime:2.7.0] AndroidManifest.xml:55:13-81
185            android:directBootAware="false"
185-->[androidx.work:work-runtime:2.7.0] AndroidManifest.xml:56:13-44
186            android:enabled="@bool/enable_system_foreground_service_default"
186-->[androidx.work:work-runtime:2.7.0] AndroidManifest.xml:57:13-77
187            android:exported="false" />
187-->[androidx.work:work-runtime:2.7.0] AndroidManifest.xml:58:13-37
188
189        <receiver
189-->[androidx.work:work-runtime:2.7.0] AndroidManifest.xml:61:9-66:35
190            android:name="androidx.work.impl.utils.ForceStopRunnable$BroadcastReceiver"
190-->[androidx.work:work-runtime:2.7.0] AndroidManifest.xml:62:13-88
191            android:directBootAware="false"
191-->[androidx.work:work-runtime:2.7.0] AndroidManifest.xml:63:13-44
192            android:enabled="true"
192-->[androidx.work:work-runtime:2.7.0] AndroidManifest.xml:64:13-35
193            android:exported="false" />
193-->[androidx.work:work-runtime:2.7.0] AndroidManifest.xml:65:13-37
194        <receiver
194-->[androidx.work:work-runtime:2.7.0] AndroidManifest.xml:67:9-77:20
195            android:name="androidx.work.impl.background.systemalarm.ConstraintProxy$BatteryChargingProxy"
195-->[androidx.work:work-runtime:2.7.0] AndroidManifest.xml:68:13-106
196            android:directBootAware="false"
196-->[androidx.work:work-runtime:2.7.0] AndroidManifest.xml:69:13-44
197            android:enabled="false"
197-->[androidx.work:work-runtime:2.7.0] AndroidManifest.xml:70:13-36
198            android:exported="false" >
198-->[androidx.work:work-runtime:2.7.0] AndroidManifest.xml:71:13-37
199            <intent-filter>
199-->[androidx.work:work-runtime:2.7.0] AndroidManifest.xml:73:13-76:29
200                <action android:name="android.intent.action.ACTION_POWER_CONNECTED" />
200-->[androidx.work:work-runtime:2.7.0] AndroidManifest.xml:74:17-87
200-->[androidx.work:work-runtime:2.7.0] AndroidManifest.xml:74:25-84
201                <action android:name="android.intent.action.ACTION_POWER_DISCONNECTED" />
201-->[androidx.work:work-runtime:2.7.0] AndroidManifest.xml:75:17-90
201-->[androidx.work:work-runtime:2.7.0] AndroidManifest.xml:75:25-87
202            </intent-filter>
203        </receiver>
204        <receiver
204-->[androidx.work:work-runtime:2.7.0] AndroidManifest.xml:78:9-88:20
205            android:name="androidx.work.impl.background.systemalarm.ConstraintProxy$BatteryNotLowProxy"
205-->[androidx.work:work-runtime:2.7.0] AndroidManifest.xml:79:13-104
206            android:directBootAware="false"
206-->[androidx.work:work-runtime:2.7.0] AndroidManifest.xml:80:13-44
207            android:enabled="false"
207-->[androidx.work:work-runtime:2.7.0] AndroidManifest.xml:81:13-36
208            android:exported="false" >
208-->[androidx.work:work-runtime:2.7.0] AndroidManifest.xml:82:13-37
209            <intent-filter>
209-->[androidx.work:work-runtime:2.7.0] AndroidManifest.xml:84:13-87:29
210                <action android:name="android.intent.action.BATTERY_OKAY" />
210-->[androidx.work:work-runtime:2.7.0] AndroidManifest.xml:85:17-77
210-->[androidx.work:work-runtime:2.7.0] AndroidManifest.xml:85:25-74
211                <action android:name="android.intent.action.BATTERY_LOW" />
211-->[androidx.work:work-runtime:2.7.0] AndroidManifest.xml:86:17-76
211-->[androidx.work:work-runtime:2.7.0] AndroidManifest.xml:86:25-73
212            </intent-filter>
213        </receiver>
214        <receiver
214-->[androidx.work:work-runtime:2.7.0] AndroidManifest.xml:89:9-99:20
215            android:name="androidx.work.impl.background.systemalarm.ConstraintProxy$StorageNotLowProxy"
215-->[androidx.work:work-runtime:2.7.0] AndroidManifest.xml:90:13-104
216            android:directBootAware="false"
216-->[androidx.work:work-runtime:2.7.0] AndroidManifest.xml:91:13-44
217            android:enabled="false"
217-->[androidx.work:work-runtime:2.7.0] AndroidManifest.xml:92:13-36
218            android:exported="false" >
218-->[androidx.work:work-runtime:2.7.0] AndroidManifest.xml:93:13-37
219            <intent-filter>
219-->[androidx.work:work-runtime:2.7.0] AndroidManifest.xml:95:13-98:29
220                <action android:name="android.intent.action.DEVICE_STORAGE_LOW" />
220-->[androidx.work:work-runtime:2.7.0] AndroidManifest.xml:96:17-83
220-->[androidx.work:work-runtime:2.7.0] AndroidManifest.xml:96:25-80
221                <action android:name="android.intent.action.DEVICE_STORAGE_OK" />
221-->[androidx.work:work-runtime:2.7.0] AndroidManifest.xml:97:17-82
221-->[androidx.work:work-runtime:2.7.0] AndroidManifest.xml:97:25-79
222            </intent-filter>
223        </receiver>
224        <receiver
224-->[androidx.work:work-runtime:2.7.0] AndroidManifest.xml:100:9-109:20
225            android:name="androidx.work.impl.background.systemalarm.ConstraintProxy$NetworkStateProxy"
225-->[androidx.work:work-runtime:2.7.0] AndroidManifest.xml:101:13-103
226            android:directBootAware="false"
226-->[androidx.work:work-runtime:2.7.0] AndroidManifest.xml:102:13-44
227            android:enabled="false"
227-->[androidx.work:work-runtime:2.7.0] AndroidManifest.xml:103:13-36
228            android:exported="false" >
228-->[androidx.work:work-runtime:2.7.0] AndroidManifest.xml:104:13-37
229            <intent-filter>
229-->[androidx.work:work-runtime:2.7.0] AndroidManifest.xml:106:13-108:29
230                <action android:name="android.net.conn.CONNECTIVITY_CHANGE" />
230-->[androidx.work:work-runtime:2.7.0] AndroidManifest.xml:107:17-79
230-->[androidx.work:work-runtime:2.7.0] AndroidManifest.xml:107:25-76
231            </intent-filter>
232        </receiver>
233        <receiver
233-->[androidx.work:work-runtime:2.7.0] AndroidManifest.xml:110:9-121:20
234            android:name="androidx.work.impl.background.systemalarm.RescheduleReceiver"
234-->[androidx.work:work-runtime:2.7.0] AndroidManifest.xml:111:13-88
235            android:directBootAware="false"
235-->[androidx.work:work-runtime:2.7.0] AndroidManifest.xml:112:13-44
236            android:enabled="false"
236-->[androidx.work:work-runtime:2.7.0] AndroidManifest.xml:113:13-36
237            android:exported="false" >
237-->[androidx.work:work-runtime:2.7.0] AndroidManifest.xml:114:13-37
238            <intent-filter>
238-->[androidx.work:work-runtime:2.7.0] AndroidManifest.xml:116:13-120:29
239                <action android:name="android.intent.action.BOOT_COMPLETED" />
239-->[androidx.work:work-runtime:2.7.0] AndroidManifest.xml:117:17-79
239-->[androidx.work:work-runtime:2.7.0] AndroidManifest.xml:117:25-76
240                <action android:name="android.intent.action.TIME_SET" />
240-->[androidx.work:work-runtime:2.7.0] AndroidManifest.xml:118:17-73
240-->[androidx.work:work-runtime:2.7.0] AndroidManifest.xml:118:25-70
241                <action android:name="android.intent.action.TIMEZONE_CHANGED" />
241-->[androidx.work:work-runtime:2.7.0] AndroidManifest.xml:119:17-81
241-->[androidx.work:work-runtime:2.7.0] AndroidManifest.xml:119:25-78
242            </intent-filter>
243        </receiver>
244        <receiver
244-->[androidx.work:work-runtime:2.7.0] AndroidManifest.xml:122:9-131:20
245            android:name="androidx.work.impl.background.systemalarm.ConstraintProxyUpdateReceiver"
245-->[androidx.work:work-runtime:2.7.0] AndroidManifest.xml:123:13-99
246            android:directBootAware="false"
246-->[androidx.work:work-runtime:2.7.0] AndroidManifest.xml:124:13-44
247            android:enabled="@bool/enable_system_alarm_service_default"
247-->[androidx.work:work-runtime:2.7.0] AndroidManifest.xml:125:13-72
248            android:exported="false" >
248-->[androidx.work:work-runtime:2.7.0] AndroidManifest.xml:126:13-37
249            <intent-filter>
249-->[androidx.work:work-runtime:2.7.0] AndroidManifest.xml:128:13-130:29
250                <action android:name="androidx.work.impl.background.systemalarm.UpdateProxies" />
250-->[androidx.work:work-runtime:2.7.0] AndroidManifest.xml:129:17-98
250-->[androidx.work:work-runtime:2.7.0] AndroidManifest.xml:129:25-95
251            </intent-filter>
252        </receiver>
253        <receiver
253-->[androidx.work:work-runtime:2.7.0] AndroidManifest.xml:132:9-142:20
254            android:name="androidx.work.impl.diagnostics.DiagnosticsReceiver"
254-->[androidx.work:work-runtime:2.7.0] AndroidManifest.xml:133:13-78
255            android:directBootAware="false"
255-->[androidx.work:work-runtime:2.7.0] AndroidManifest.xml:134:13-44
256            android:enabled="true"
256-->[androidx.work:work-runtime:2.7.0] AndroidManifest.xml:135:13-35
257            android:exported="true"